2018-04-15 10:26:23.254  INFO 2845 --- [main] com.xavier.MyXavierTokenApplication      : Starting MyXavierTokenApplication on rahbar with PID 2845 (/home/rahbar/client/mxc/target/classes started by rahbar in /home/rahbar/client/mxc)
2018-04-15 10:26:23.258  INFO 2845 --- [main] com.xavier.MyXavierTokenApplication      : The following profiles are active: pro
2018-04-15 10:26:23.539  INFO 2845 --- [main] ConfigServletWebServerApplicationContext : Refreshing org.springframework.boot.web.servlet.context.AnnotationConfigServletWebServerApplicationContext@402bba4f: startup date [Sun Apr 15 10:26:23 IST 2018]; root of context hierarchy
2018-04-15 10:26:29.888  INFO 2845 --- [main] trationDelegate$BeanPostProcessorChecker : Bean 'org.springframework.transaction.annotation.ProxyTransactionManagementConfiguration' of type [org.springframework.transaction.annotation.ProxyTransactionManagementConfiguration$$EnhancerBySpringCGLIB$$57fdbcaa] is not eligible for getting processed by all BeanPostProcessors (for example: not eligible for auto-proxying)
2018-04-15 10:26:30.715  INFO 2845 --- [main] o.s.b.w.embedded.tomcat.TomcatWebServer  : Tomcat initialized with port(s): 9295 (http)
2018-04-15 10:26:30.748  INFO 2845 --- [main] o.apache.catalina.core.StandardService   : Starting service [Tomcat]
2018-04-15 10:26:30.749  INFO 2845 --- [main] org.apache.catalina.core.StandardEngine  : Starting Servlet Engine: Apache Tomcat/8.5.29
2018-04-15 10:26:30.785  INFO 2845 --- [localhost-startStop-1] o.a.catalina.core.AprLifecycleListener   : The APR based Apache Tomcat Native library which allows optimal performance in production environments was not found on the java.library.path: [/usr/java/packages/lib/amd64:/usr/lib64:/lib64:/lib:/usr/lib]
2018-04-15 10:26:30.933  INFO 2845 --- [localhost-startStop-1] o.a.c.c.C.[Tomcat].[localhost].[/]       : Initializing Spring embedded WebApplicationContext
2018-04-15 10:26:30.933  INFO 2845 --- [localhost-startStop-1] o.s.web.context.ContextLoader            : Root WebApplicationContext: initialization completed in 7395 ms
2018-04-15 10:26:31.106  INFO 2845 --- [localhost-startStop-1] o.s.b.w.servlet.ServletRegistrationBean  : Servlet dispatcherServlet mapped to [/]
2018-04-15 10:26:31.112  INFO 2845 --- [localhost-startStop-1] o.s.b.w.servlet.FilterRegistrationBean   : Mapping filter: 'characterEncodingFilter' to: [/*]
2018-04-15 10:26:31.113  INFO 2845 --- [localhost-startStop-1] o.s.b.w.servlet.FilterRegistrationBean   : Mapping filter: 'hiddenHttpMethodFilter' to: [/*]
2018-04-15 10:26:31.113  INFO 2845 --- [localhost-startStop-1] o.s.b.w.servlet.FilterRegistrationBean   : Mapping filter: 'httpPutFormContentFilter' to: [/*]
2018-04-15 10:26:31.113  INFO 2845 --- [localhost-startStop-1] o.s.b.w.servlet.FilterRegistrationBean   : Mapping filter: 'requestContextFilter' to: [/*]
2018-04-15 10:26:31.239  INFO 2845 --- [main] o.s.j.d.DriverManagerDataSource          : Loaded JDBC driver: org.postgresql.Driver
2018-04-15 10:26:31.625  INFO 2845 --- [main] j.LocalContainerEntityManagerFactoryBean : Building JPA container EntityManagerFactory for persistence unit 'default'
2018-04-15 10:26:31.649  INFO 2845 --- [main] o.hibernate.jpa.internal.util.LogHelper  : HHH000204: Processing PersistenceUnitInfo [
	name: default
	...]
2018-04-15 10:26:31.807  INFO 2845 --- [main] org.hibernate.Version                    : HHH000412: Hibernate Core {5.2.16.Final}
2018-04-15 10:26:31.809  INFO 2845 --- [main] org.hibernate.cfg.Environment            : HHH000206: hibernate.properties not found
2018-04-15 10:26:32.127  INFO 2845 --- [main] o.hibernate.annotations.common.Version   : HCANN000001: Hibernate Commons Annotations {5.0.1.Final}
2018-04-15 10:26:32.332  INFO 2845 --- [main] org.hibernate.dialect.Dialect            : HHH000400: Using dialect: org.hibernate.dialect.PostgreSQLDialect
2018-04-15 10:26:32.354  INFO 2845 --- [main] o.h.e.j.e.i.LobCreatorBuilderImpl        : HHH000422: Disabling contextual LOB creation as connection was null
2018-04-15 10:26:32.357  INFO 2845 --- [main] org.hibernate.type.BasicTypeRegistry     : HHH000270: Type registration [java.util.UUID] overrides previous : org.hibernate.type.UUIDBinaryType@6b350309
2018-04-15 10:26:33.206  INFO 2845 --- [main] j.LocalContainerEntityManagerFactoryBean : Initialized JPA EntityManagerFactory for persistence unit 'default'
2018-04-15 10:26:34.685  WARN 2845 --- [main] aWebConfiguration$JpaWebMvcConfiguration : spring.jpa.open-in-view is enabled by default. Therefore, database queries may be performed during view rendering. Explicitly configure spring.jpa.open-in-view to disable this warning
2018-04-15 10:26:34.818  INFO 2845 --- [main] s.w.s.m.m.a.RequestMappingHandlerMapping : Mapped "{[/api/v1/createadminwallet],methods=[GET]}" onto public java.util.Map<java.lang.String, java.lang.Object> com.xavier.controller.admin.AdminController.createAdminWallet()
2018-04-15 10:26:34.820  INFO 2845 --- [main] s.w.s.m.m.a.RequestMappingHandlerMapping : Mapped "{[/api/v1/createtoken],methods=[GET]}" onto public java.util.Map<java.lang.String, java.lang.Object> com.xavier.controller.admin.AdminController.createToken()
2018-04-15 10:26:34.824  INFO 2845 --- [main] s.w.s.m.m.a.RequestMappingHandlerMapping : Mapped "{[/api/v1/sendtokentouser],methods=[POST]}" onto public java.util.Map<java.lang.String, java.lang.Object> com.xavier.controller.admin.AdminController.sendTokenToUser(com.xavier.dto.TransactionDTO)
2018-04-15 10:26:34.825  INFO 2845 --- [main] s.w.s.m.m.a.RequestMappingHandlerMapping : Mapped "{[/api/v1/gettransactiondetails],methods=[GET]}" onto public java.util.Map<java.lang.String, java.lang.Object> com.xavier.controller.admin.AdminController.getTransacctionDetails()
2018-04-15 10:26:34.827  INFO 2845 --- [main] s.w.s.m.m.a.RequestMappingHandlerMapping : Mapped "{[/api/v1/getavailabletoken],methods=[GET]}" onto public java.util.Map<java.lang.String, java.lang.Object> com.xavier.controller.admin.AdminController.getAvailableToken()
2018-04-15 10:26:34.828  INFO 2845 --- [main] s.w.s.m.m.a.RequestMappingHandlerMapping : Mapped "{[/api/v1/getadmindetails],methods=[GET]}" onto public java.util.Map<java.lang.String, java.lang.Object> com.xavier.controller.admin.AdminController.getAdminDetails()
2018-04-15 10:26:34.830  INFO 2845 --- [main] s.w.s.m.m.a.RequestMappingHandlerMapping : Mapped "{[/api/v1/createuserwallet],methods=[GET]}" onto public java.util.Map<java.lang.String, java.lang.Object> com.xavier.controller.user.UserController.createUserWallet()
2018-04-15 10:26:34.831  INFO 2845 --- [main] s.w.s.m.m.a.RequestMappingHandlerMapping : Mapped "{[/api/v1/getuserbyaddress],methods=[GET]}" onto public java.util.Map<java.lang.String, java.lang.Object> com.xavier.controller.user.UserController.getUserByAddress(java.lang.String)
2018-04-15 10:26:34.832  INFO 2845 --- [main] s.w.s.m.m.a.RequestMappingHandlerMapping : Mapped "{[/api/v1/getalluserdetails],methods=[GET]}" onto public java.util.Map<java.lang.String, java.lang.Object> com.xavier.controller.user.UserController.getAllUserDetails()
2018-04-15 10:26:34.835  INFO 2845 --- [main] s.w.s.m.m.a.RequestMappingHandlerMapping : Mapped "{[/v2/api-docs],methods=[GET],produces=[application/json || application/hal+json]}" onto public org.springframework.http.ResponseEntity<springfox.documentation.spring.web.json.Json> springfox.documentation.swagger2.web.Swagger2Controller.getDocumentation(java.lang.String,javax.servlet.http.HttpServletRequest)
2018-04-15 10:26:34.841  INFO 2845 --- [main] s.w.s.m.m.a.RequestMappingHandlerMapping : Mapped "{[/swagger-resources/configuration/ui]}" onto org.springframework.http.ResponseEntity<springfox.documentation.swagger.web.UiConfiguration> springfox.documentation.swagger.web.ApiResourceController.uiConfiguration()
2018-04-15 10:26:34.843  INFO 2845 --- [main] s.w.s.m.m.a.RequestMappingHandlerMapping : Mapped "{[/swagger-resources]}" onto org.springframework.http.ResponseEntity<java.util.List<springfox.documentation.swagger.web.SwaggerResource>> springfox.documentation.swagger.web.ApiResourceController.swaggerResources()
2018-04-15 10:26:34.845  INFO 2845 --- [main] s.w.s.m.m.a.RequestMappingHandlerMapping : Mapped "{[/swagger-resources/configuration/security]}" onto org.springframework.http.ResponseEntity<springfox.documentation.swagger.web.SecurityConfiguration> springfox.documentation.swagger.web.ApiResourceController.securityConfiguration()
2018-04-15 10:26:34.850  INFO 2845 --- [main] s.w.s.m.m.a.RequestMappingHandlerMapping : Mapped "{[/error],produces=[text/html]}" onto public org.springframework.web.servlet.ModelAndView org.springframework.boot.autoconfigure.web.servlet.error.BasicErrorController.errorHtml(javax.servlet.http.HttpServletRequest,javax.servlet.http.HttpServletResponse)
2018-04-15 10:26:34.851  INFO 2845 --- [main] s.w.s.m.m.a.RequestMappingHandlerMapping : Mapped "{[/error]}" onto public org.springframework.http.ResponseEntity<java.util.Map<java.lang.String, java.lang.Object>> org.springframework.boot.autoconfigure.web.servlet.error.BasicErrorController.error(javax.servlet.http.HttpServletRequest)
2018-04-15 10:26:35.490  INFO 2845 --- [main] c.x.e.config.EthereumConnectionConfig    : Conncted to ethereum client with version Geth/v1.8.2-stable-b8b9f7f4/linux-amd64/go1.9.4
2018-04-15 10:26:35.647  INFO 2845 --- [main] o.s.w.s.handler.SimpleUrlHandlerMapping  : Mapped URL path [/**/favicon.ico] onto handler of type [class org.springframework.web.servlet.resource.ResourceHttpRequestHandler]
2018-04-15 10:26:35.907  INFO 2845 --- [main] s.w.s.m.m.a.RequestMappingHandlerAdapter : Looking for @ControllerAdvice: org.springframework.boot.web.servlet.context.AnnotationConfigServletWebServerApplicationContext@402bba4f: startup date [Sun Apr 15 10:26:23 IST 2018]; root of context hierarchy
2018-04-15 10:26:35.981  INFO 2845 --- [main] o.s.w.s.handler.SimpleUrlHandlerMapping  : Mapped URL path [/webjars/**] onto handler of type [class org.springframework.web.servlet.resource.ResourceHttpRequestHandler]
2018-04-15 10:26:35.981  INFO 2845 --- [main] o.s.w.s.handler.SimpleUrlHandlerMapping  : Mapped URL path [/**] onto handler of type [class org.springframework.web.servlet.resource.ResourceHttpRequestHandler]
2018-04-15 10:26:36.413  INFO 2845 --- [main] o.s.j.e.a.AnnotationMBeanExporter        : Registering beans for JMX exposure on startup
2018-04-15 10:26:36.431  INFO 2845 --- [main] o.s.c.support.DefaultLifecycleProcessor  : Starting beans in phase 2147483647
2018-04-15 10:26:36.431  INFO 2845 --- [main] d.s.w.p.DocumentationPluginsBootstrapper : Context refreshed
2018-04-15 10:26:36.455  INFO 2845 --- [main] d.s.w.p.DocumentationPluginsBootstrapper : Found 1 custom documentation plugin(s)
2018-04-15 10:26:36.475  INFO 2845 --- [main] s.d.s.w.s.ApiListingReferenceScanner     : Scanning for api listing references
2018-04-15 10:26:37.072  INFO 2845 --- [main] o.s.b.w.embedded.tomcat.TomcatWebServer  : Tomcat started on port(s): 9295 (http) with context path ''
2018-04-15 10:26:37.077  INFO 2845 --- [main] com.xavier.MyXavierTokenApplication      : Started MyXavierTokenApplication in 16.446 seconds (JVM running for 18.742)
2018-04-15 10:32:07.921  INFO 2845 --- [http-nio-9295-exec-1] o.a.c.c.C.[Tomcat].[localhost].[/]       : Initializing Spring FrameworkServlet 'dispatcherServlet'
2018-04-15 10:32:07.922  INFO 2845 --- [http-nio-9295-exec-1] o.s.web.servlet.DispatcherServlet        : FrameworkServlet 'dispatcherServlet': initialization started
2018-04-15 10:32:07.953  INFO 2845 --- [http-nio-9295-exec-1] o.s.web.servlet.DispatcherServlet        : FrameworkServlet 'dispatcherServlet': initialization completed in 31 ms
2018-04-15 10:32:20.502  INFO 2845 --- [http-nio-9295-exec-8] o.h.h.i.QueryTranslatorFactoryInitiator  : HHH000397: Using ASTQueryTranslatorFactory
2018-04-15 10:34:51.958  INFO 2845 --- [http-nio-9295-exec-6] c.x.controller.admin.AdminController     : Admin wallet already created {Address=0x5eda47834fe46426959b9abc6f0c8b2e70605cec, Ether=null}
2018-04-15 10:36:38.247  INFO 2845 --- [http-nio-9295-exec-8] c.x.controller.admin.AdminController     : Contract already created {Admin Address=0x5eda47834fe46426959b9abc6f0c8b2e70605cec, Token Symbole=MXTK, Token Name=My-Xavier-Token, Contract Address=0xaa932347a46f8a9c014439eff1c886f69975f465}
2018-04-15 10:37:20.118  INFO 2845 --- [RMI TCP Connection(2)-127.0.0.1] inMXBeanRegistrar$SpringApplicationAdmin : Application shutdown requested.
2018-04-15 10:37:20.119  INFO 2845 --- [RMI TCP Connection(2)-127.0.0.1] ConfigServletWebServerApplicationContext : Closing org.springframework.boot.web.servlet.context.AnnotationConfigServletWebServerApplicationContext@402bba4f: startup date [Sun Apr 15 10:26:23 IST 2018]; root of context hierarchy
